<?xml version="1.0" encoding="UTF-8"?>
<testsuite name="com.telran.test.test.CreateTeamTest" tests="2" skipped="0" failures="0" errors="0" timestamp="2019-08-12T11:53:27" hostname="DESKTOP-UQJEMOV" time="28.422">
  <properties/>
  <testcase name="createTeamWithDataProvider[0](Team: teamName=G, description=G)" classname="com.telran.test.test.CreateTeamTest" time="14.289"/>
  <testcase name="createTeamWithDataProvider[1](Team: teamName=?, description=?)" classname="com.telran.test.test.CreateTeamTest" time="14.133"/>
  <system-out><![CDATA[14:53:27.968 [Test worker] INFO  com.telran.test.test.TestBase - Start createTeamWithDataProvider with parameters [Team: teamName=G, description=G]
14:53:27.969 [Test worker] INFO  c.t.t.f.ApplicationManager$MyListener - Start search element: By.cssSelector: nav.home-left-sidebar-container .js-react-root
14:53:27.975 [Test worker] INFO  c.t.t.f.ApplicationManager$MyListener - Element is found: By.cssSelector: nav.home-left-sidebar-container .js-react-root
14:53:27.975 [Test worker] INFO  c.t.t.f.ApplicationManager$MyListener - Start search element: By.xpath: .//li
14:53:27.982 [Test worker] INFO  c.t.t.f.ApplicationManager$MyListener - Element is found: By.xpath: .//li
14:53:29.999 [Test worker] INFO  c.t.t.f.ApplicationManager$MyListener - Start search element: By.cssSelector: [name=add]
14:53:30.015 [Test worker] INFO  c.t.t.f.ApplicationManager$MyListener - Element is found: By.cssSelector: [name=add]
14:53:30.312 [Test worker] INFO  c.t.t.f.ApplicationManager$MyListener - Start search element: By.cssSelector: [data-test-id='header-create-team-button']
14:53:30.327 [Test worker] INFO  c.t.t.f.ApplicationManager$MyListener - Element is found: By.cssSelector: [data-test-id='header-create-team-button']
14:53:30.624 [Test worker] INFO  c.t.t.f.ApplicationManager$MyListener - Start search element: By.cssSelector: [data-test-id='header-create-team-name-input']
14:53:30.640 [Test worker] INFO  c.t.t.f.ApplicationManager$MyListener - Element is found: By.cssSelector: [data-test-id='header-create-team-name-input']
14:53:30.874 [Test worker] INFO  c.t.t.f.ApplicationManager$MyListener - Start search element: By.cssSelector: [data-test-id='header-create-team-name-input']
14:53:30.890 [Test worker] INFO  c.t.t.f.ApplicationManager$MyListener - Element is found: By.cssSelector: [data-test-id='header-create-team-name-input']
14:53:30.906 [Test worker] INFO  c.t.t.f.ApplicationManager$MyListener - Start search element: By.cssSelector: [data-test-id='header-create-team-name-input']
14:53:30.921 [Test worker] INFO  c.t.t.f.ApplicationManager$MyListener - Element is found: By.cssSelector: [data-test-id='header-create-team-name-input']
14:53:30.937 [Test worker] INFO  c.t.t.f.ApplicationManager$MyListener - Start search element: By.cssSelector: [name='desc']
14:53:30.952 [Test worker] INFO  c.t.t.f.ApplicationManager$MyListener - Element is found: By.cssSelector: [name='desc']
14:53:31.187 [Test worker] INFO  c.t.t.f.ApplicationManager$MyListener - Start search element: By.cssSelector: [name='desc']
14:53:31.202 [Test worker] INFO  c.t.t.f.ApplicationManager$MyListener - Element is found: By.cssSelector: [name='desc']
14:53:31.218 [Test worker] INFO  c.t.t.f.ApplicationManager$MyListener - Start search element: By.cssSelector: [name='desc']
14:53:31.234 [Test worker] INFO  c.t.t.f.ApplicationManager$MyListener - Element is found: By.cssSelector: [name='desc']
14:53:31.249 [Test worker] INFO  c.t.t.f.ApplicationManager$MyListener - Start search element: By.cssSelector: [data-test-id='header-create-team-submit-button']
14:53:31.265 [Test worker] INFO  c.t.t.f.ApplicationManager$MyListener - Element is found: By.cssSelector: [data-test-id='header-create-team-submit-button']
14:53:36.530 [Test worker] INFO  c.t.t.f.ApplicationManager$MyListener - Start search element: By.cssSelector: [name='house']
14:53:36.592 [Test worker] INFO  c.t.t.f.ApplicationManager$MyListener - Element is found: By.cssSelector: [name='house']
14:53:36.842 [Test worker] INFO  c.t.t.f.ApplicationManager$MyListener - Start search element: By.cssSelector: [name='house']
14:53:36.889 [Test worker] INFO  c.t.t.f.ApplicationManager$MyListener - Element is found: By.cssSelector: [name='house']
14:53:42.226 [Test worker] INFO  c.t.t.f.ApplicationManager$MyListener - Start search element: By.cssSelector: nav.home-left-sidebar-container .js-react-root
14:53:42.242 [Test worker] INFO  c.t.t.f.ApplicationManager$MyListener - Element is found: By.cssSelector: nav.home-left-sidebar-container .js-react-root
14:53:42.242 [Test worker] INFO  c.t.t.f.ApplicationManager$MyListener - Start search element: By.xpath: .//li
14:53:42.257 [Test worker] INFO  c.t.t.f.ApplicationManager$MyListener - Element is found: By.xpath: .//li
14:53:42.257 [Test worker] INFO  c.t.t.f.ApplicationManager$MyListener - Start search element: By.cssSelector: nav.home-left-sidebar-container .js-react-root
14:53:42.276 [Test worker] INFO  c.t.t.f.ApplicationManager$MyListener - Element is found: By.cssSelector: nav.home-left-sidebar-container .js-react-root
14:53:42.276 [Test worker] INFO  c.t.t.f.ApplicationManager$MyListener - Start search element: By.xpath: .//li
14:53:42.283 [Test worker] INFO  c.t.t.f.ApplicationManager$MyListener - Element is found: By.xpath: .//li
14:53:44.288 [Test worker] INFO  c.t.t.f.ApplicationManager$MyListener - Start search element: By.cssSelector: [name=add]
14:53:44.319 [Test worker] INFO  c.t.t.f.ApplicationManager$MyListener - Element is found: By.cssSelector: [name=add]
14:53:44.585 [Test worker] INFO  c.t.t.f.ApplicationManager$MyListener - Start search element: By.cssSelector: [data-test-id='header-create-team-button']
14:53:44.601 [Test worker] INFO  c.t.t.f.ApplicationManager$MyListener - Element is found: By.cssSelector: [data-test-id='header-create-team-button']
14:53:44.851 [Test worker] INFO  c.t.t.f.ApplicationManager$MyListener - Start search element: By.cssSelector: [data-test-id='header-create-team-name-input']
14:53:44.867 [Test worker] INFO  c.t.t.f.ApplicationManager$MyListener - Element is found: By.cssSelector: [data-test-id='header-create-team-name-input']
14:53:45.101 [Test worker] INFO  c.t.t.f.ApplicationManager$MyListener - Start search element: By.cssSelector: [data-test-id='header-create-team-name-input']
14:53:45.117 [Test worker] INFO  c.t.t.f.ApplicationManager$MyListener - Element is found: By.cssSelector: [data-test-id='header-create-team-name-input']
14:53:45.133 [Test worker] INFO  c.t.t.f.ApplicationManager$MyListener - Start search element: By.cssSelector: [data-test-id='header-create-team-name-input']
14:53:45.148 [Test worker] INFO  c.t.t.f.ApplicationManager$MyListener - Element is found: By.cssSelector: [data-test-id='header-create-team-name-input']
14:53:45.164 [Test worker] INFO  c.t.t.f.ApplicationManager$MyListener - Start search element: By.cssSelector: [name='desc']
14:53:45.180 [Test worker] INFO  c.t.t.f.ApplicationManager$MyListener - Element is found: By.cssSelector: [name='desc']
14:53:45.413 [Test worker] INFO  c.t.t.f.ApplicationManager$MyListener - Start search element: By.cssSelector: [name='desc']
14:53:45.429 [Test worker] INFO  c.t.t.f.ApplicationManager$MyListener - Element is found: By.cssSelector: [name='desc']
14:53:45.445 [Test worker] INFO  c.t.t.f.ApplicationManager$MyListener - Start search element: By.cssSelector: [name='desc']
14:53:45.461 [Test worker] INFO  c.t.t.f.ApplicationManager$MyListener - Element is found: By.cssSelector: [name='desc']
14:53:45.492 [Test worker] INFO  c.t.t.f.ApplicationManager$MyListener - Start search element: By.cssSelector: [data-test-id='header-create-team-submit-button']
14:53:45.507 [Test worker] INFO  c.t.t.f.ApplicationManager$MyListener - Element is found: By.cssSelector: [data-test-id='header-create-team-submit-button']
14:53:50.744 [Test worker] INFO  c.t.t.f.ApplicationManager$MyListener - Start search element: By.cssSelector: [name='house']
14:53:50.759 [Test worker] INFO  c.t.t.f.ApplicationManager$MyListener - Element is found: By.cssSelector: [name='house']
14:53:51.009 [Test worker] INFO  c.t.t.f.ApplicationManager$MyListener - Start search element: By.cssSelector: [name='house']
14:53:51.025 [Test worker] INFO  c.t.t.f.ApplicationManager$MyListener - Element is found: By.cssSelector: [name='house']
14:53:56.363 [Test worker] INFO  c.t.t.f.ApplicationManager$MyListener - Start search element: By.cssSelector: nav.home-left-sidebar-container .js-react-root
14:53:56.382 [Test worker] INFO  c.t.t.f.ApplicationManager$MyListener - Element is found: By.cssSelector: nav.home-left-sidebar-container .js-react-root
14:53:56.382 [Test worker] INFO  c.t.t.f.ApplicationManager$MyListener - Start search element: By.xpath: .//li
14:53:56.389 [Test worker] INFO  c.t.t.f.ApplicationManager$MyListener - Element is found: By.xpath: .//li
]]></system-out>
  <system-err><![CDATA[console.error: BroadcastService: 
  receivedBroadcastMessage: handler for
  remote-settings/monitor_changes
  threw error:
  Message: Error: Polling for changes failed: http://%(server)s/dummy/blocklist//buckets/monitor/collections/changes/records?_expected=%221565395285947%22 is not a valid URL..
  Stack:
    remoteSettingsFunction/remoteSettings.pollChanges@resource://services-settings/remote-settings.js:201:13

]]></system-err>
</testsuite>
