<?xml version="1.0" encoding="UTF-8"?>
<testsuite name="com.telran.test.test.LoginTest" tests="1" skipped="0" failures="0" errors="0" timestamp="2019-08-12T11:53:21" hostname="DESKTOP-UQJEMOV" time="6.188">
  <properties/>
  <testcase name="loginTest" classname="com.telran.test.test.LoginTest" time="6.188"/>
  <system-out><![CDATA[14:53:18.244 [Test worker] INFO  com.telran.test.test.TestBase - Start loginTest with parameters []
14:53:18.244 [Test worker] INFO  c.t.t.f.ApplicationManager$MyListener - Start search element: By.cssSelector: [data-test-id='header-member-menu-button']
14:53:18.276 [Test worker] INFO  c.t.t.f.ApplicationManager$MyListener - Element is found: By.cssSelector: [data-test-id='header-member-menu-button']
14:53:18.276 [Test worker] INFO  c.t.t.f.ApplicationManager$MyListener - Start search element: By.cssSelector: [data-test-id='header-member-menu-button']
14:53:18.294 [Test worker] INFO  c.t.t.f.ApplicationManager$MyListener - Element is found: By.cssSelector: [data-test-id='header-member-menu-button']
14:53:18.576 [Test worker] INFO  c.t.t.f.ApplicationManager$MyListener - Start search element: By.cssSelector: [data-test-id='header-member-menu-logout']
14:53:18.591 [Test worker] INFO  c.t.t.f.ApplicationManager$MyListener - Element is found: By.cssSelector: [data-test-id='header-member-menu-logout']
14:53:21.773 [Test worker] INFO  c.t.t.f.ApplicationManager$MyListener - Start search element: By.cssSelector: [href='/login']
14:53:21.789 [Test worker] INFO  c.t.t.f.ApplicationManager$MyListener - Element is found: By.cssSelector: [href='/login']
14:53:22.990 [Test worker] INFO  c.t.t.f.ApplicationManager$MyListener - Start search element: By.id: user
14:53:23.007 [Test worker] INFO  c.t.t.f.ApplicationManager$MyListener - Element is found: By.id: user
14:53:23.247 [Test worker] INFO  c.t.t.f.ApplicationManager$MyListener - Start search element: By.id: user
14:53:23.278 [Test worker] INFO  c.t.t.f.ApplicationManager$MyListener - Element is found: By.id: user
14:53:23.294 [Test worker] INFO  c.t.t.f.ApplicationManager$MyListener - Start search element: By.id: user
14:53:23.310 [Test worker] INFO  c.t.t.f.ApplicationManager$MyListener - Element is found: By.id: user
14:53:23.347 [Test worker] INFO  c.t.t.f.ApplicationManager$MyListener - Start search element: By.id: password
14:53:23.363 [Test worker] INFO  c.t.t.f.ApplicationManager$MyListener - Element is found: By.id: password
14:53:23.626 [Test worker] INFO  c.t.t.f.ApplicationManager$MyListener - Start search element: By.id: password
14:53:23.633 [Test worker] INFO  c.t.t.f.ApplicationManager$MyListener - Element is found: By.id: password
14:53:23.649 [Test worker] INFO  c.t.t.f.ApplicationManager$MyListener - Start search element: By.id: password
14:53:23.665 [Test worker] INFO  c.t.t.f.ApplicationManager$MyListener - Element is found: By.id: password
14:53:23.680 [Test worker] INFO  c.t.t.f.ApplicationManager$MyListener - Start search element: By.id: login
14:53:23.711 [Test worker] INFO  c.t.t.f.ApplicationManager$MyListener - Element is found: By.id: login
14:53:27.950 [Test worker] INFO  c.t.t.f.ApplicationManager$MyListener - Start search element: By.cssSelector: [data-test-id='header-member-menu-button']
14:53:27.961 [Test worker] INFO  c.t.t.f.ApplicationManager$MyListener - Element is found: By.cssSelector: [data-test-id='header-member-menu-button']
]]></system-out>
  <system-err><![CDATA[1565610799131	Marionette	WARN	TimedPromise timed out after 500 ms: stacktrace:
bail@chrome://marionette/content/sync.js:223:64
l@https://a.trellocdn.com/prgb/dist/br/ltp.d308847b2d4908f0fa13.js:57:151855
u@https://a.trellocdn.com/prgb/dist/br/ltp.d308847b2d4908f0fa13.js:57:151947
fe/u</a.sendEvents@https://a.trellocdn.com/prgb/dist/br/ltp.d308847b2d4908f0fa13.js:57:152209
fe/s.flush@https://a.trellocdn.com/prgb/dist/br/ltp.d308847b2d4908f0fa13.js:57:154704
stop@https://a.trellocdn.com/prgb/dist/br/ltp.d308847b2d4908f0fa13.js:57:166248
value@https://a.trellocdn.com/prgb/dist/br/app.136387930d621ee925a5.js:1:3042313
Ba@https://a.trellocdn.com/prgb/dist/br/ltp.d308847b2d4908f0fa13.js:334:82398
qa@https://a.trellocdn.com/prgb/dist/br/ltp.d308847b2d4908f0fa13.js:334:85073
Is/<@https://a.trellocdn.com/prgb/dist/br/ltp.d308847b2d4908f0fa13.js:334:98280
t.unstable_runWithPriority@https://a.trellocdn.com/prgb/dist/br/ltp.d308847b2d4908f0fa13.js:343:3194
Is@https://a.trellocdn.com/prgb/dist/br/ltp.d308847b2d4908f0fa13.js:334:98215
js@https://a.trellocdn.com/prgb/dist/br/ltp.d308847b2d4908f0fa13.js:334:97991
Ts@https://a.trellocdn.com/prgb/dist/br/ltp.d308847b2d4908f0fa13.js:334:97336
As@https://a.trellocdn.com/prgb/dist/br/ltp.d308847b2d4908f0fa13.js:334:98711
Tn@https://a.trellocdn.com/prgb/dist/br/ltp.d308847b2d4908f0fa13.js:334:30569
event.synthesizeMouseAtPoint@chrome://marionette/content/event.js:202:14
webdriverClickElement@chrome://marionette/content/interaction.js:183:11
]]></system-err>
</testsuite>
