<?xml version="1.0" encoding="UTF-8"?>
<testsuite name="com.telran.test.test.TeamDelitionTest" tests="1" skipped="0" failures="0" errors="0" timestamp="2019-08-10T17:58:00" hostname="DESKTOP-UQJEMOV" time="6.262">
  <properties/>
  <testcase name="testTeamDelition" classname="com.telran.test.test.TeamDelitionTest" time="6.262"/>
  <system-out><![CDATA[before:3
before:3
after:2
after:2

]]></system-out>
  <system-err><![CDATA[]]></system-err>
</testsuite>
