<?xml version="1.0" encoding="UTF-8"?>
<testsuite name="com.telran.test.test.ChangeAvatarTest" tests="1" skipped="0" failures="0" errors="0" timestamp="2019-08-12T11:54:48" hostname="DESKTOP-UQJEMOV" time="13.715">
  <properties/>
  <testcase name="ChangeAvatar" classname="com.telran.test.test.ChangeAvatarTest" time="13.715"/>
  <system-out><![CDATA[14:54:47.952 [Test worker] INFO  com.telran.test.test.TestBase - Start ChangeAvatar with parameters []
Screenshot name:screenshot-1565610888053.png
14:54:48.066 [Test worker] INFO  c.t.t.f.ApplicationManager$MyListener - Start search element: By.cssSelector: [data-test-id='header-member-menu-button']
14:54:48.073 [Test worker] INFO  c.t.t.f.ApplicationManager$MyListener - Element is found: By.cssSelector: [data-test-id='header-member-menu-button']
14:54:48.319 [Test worker] INFO  c.t.t.f.ApplicationManager$MyListener - Start search element: By.cssSelector: [data-test-id='header-member-menu-profile']
14:54:48.335 [Test worker] INFO  c.t.t.f.ApplicationManager$MyListener - Element is found: By.cssSelector: [data-test-id='header-member-menu-profile']
14:54:50.638 [Test worker] INFO  c.t.t.f.ApplicationManager$MyListener - Start search element: By.cssSelector: [class='MrFeHFqEkuBP9W _1h1BubYfUOs6MB']
14:54:50.655 [Test worker] INFO  c.t.t.f.ApplicationManager$MyListener - Element is found: By.cssSelector: [class='MrFeHFqEkuBP9W _1h1BubYfUOs6MB']
14:54:51.123 [Test worker] INFO  c.t.t.f.ApplicationManager$MyListener - Start search element: By.xpath: //*[@name='file']
14:54:51.139 [Test worker] INFO  c.t.t.f.ApplicationManager$MyListener - Element is found: By.xpath: //*[@name='file']
14:54:56.182 [Test worker] INFO  c.t.t.f.ApplicationManager$MyListener - Start search element: By.cssSelector: [name='house']
14:54:56.188 [Test worker] INFO  c.t.t.f.ApplicationManager$MyListener - Element is found: By.cssSelector: [name='house']
14:54:56.459 [Test worker] INFO  c.t.t.f.ApplicationManager$MyListener - Start search element: By.cssSelector: [name='house']
14:54:56.474 [Test worker] INFO  c.t.t.f.ApplicationManager$MyListener - Element is found: By.cssSelector: [name='house']
]]></system-out>
  <system-err><![CDATA[1565610891108	Marionette	WARN	TimedPromise timed out after 5 ms: stacktrace:
bail@chrome://marionette/content/sync.js:223:64
]]></system-err>
</testsuite>
