<?xml version="1.0" encoding="UTF-8"?>
<testsuite name="com.telran.test.test.TeamDelitionTest" tests="1" skipped="0" failures="0" errors="0" timestamp="2019-08-12T11:54:29" hostname="DESKTOP-UQJEMOV" time="6.257">
  <properties/>
  <testcase name="testTeamDelition" classname="com.telran.test.test.TeamDelitionTest" time="6.257"/>
  <system-out><![CDATA[14:54:29.412 [Test worker] INFO  com.telran.test.test.TestBase - Start testTeamDelition with parameters []
14:54:29.412 [Test worker] INFO  c.t.t.f.ApplicationManager$MyListener - Start search element: By.cssSelector: nav.home-left-sidebar-container .js-react-root li
14:54:29.428 [Test worker] INFO  c.t.t.f.ApplicationManager$MyListener - Element is found: By.cssSelector: nav.home-left-sidebar-container .js-react-root li
14:54:29.428 [Test worker] INFO  c.t.t.f.ApplicationManager$MyListener - Start search element: By.cssSelector: nav.home-left-sidebar-container .js-react-root
14:54:29.444 [Test worker] INFO  c.t.t.f.ApplicationManager$MyListener - Element is found: By.cssSelector: nav.home-left-sidebar-container .js-react-root
14:54:29.444 [Test worker] INFO  c.t.t.f.ApplicationManager$MyListener - Start search element: By.xpath: .//li
14:54:29.459 [Test worker] INFO  c.t.t.f.ApplicationManager$MyListener - Element is found: By.xpath: .//li
before:3
14:54:29.459 [Test worker] INFO  c.t.t.f.ApplicationManager$MyListener - Start search element: By.cssSelector: nav.home-left-sidebar-container .js-react-root li
14:54:29.474 [Test worker] INFO  c.t.t.f.ApplicationManager$MyListener - Element is found: By.cssSelector: nav.home-left-sidebar-container .js-react-root li
before:3
14:54:29.474 [Test worker] INFO  c.t.t.f.ApplicationManager$MyListener - Start search element: By.cssSelector: [data-test-id='home-team-tab-name']
14:54:29.490 [Test worker] INFO  c.t.t.f.ApplicationManager$MyListener - Element is found: By.cssSelector: [data-test-id='home-team-tab-name']
14:54:30.756 [Test worker] INFO  c.t.t.f.ApplicationManager$MyListener - Start search element: By.cssSelector: .icon-gear
14:54:30.772 [Test worker] INFO  c.t.t.f.ApplicationManager$MyListener - Element is found: By.cssSelector: .icon-gear
14:54:33.068 [Test worker] INFO  c.t.t.f.ApplicationManager$MyListener - Start search element: By.cssSelector: .quiet-button
14:54:33.073 [Test worker] INFO  c.t.t.f.ApplicationManager$MyListener - Element is found: By.cssSelector: .quiet-button
14:54:33.315 [Test worker] INFO  c.t.t.f.ApplicationManager$MyListener - Start search element: By.cssSelector: .js-confirm
14:54:33.331 [Test worker] INFO  c.t.t.f.ApplicationManager$MyListener - Element is found: By.cssSelector: .js-confirm
14:54:33.331 [Test worker] INFO  c.t.t.f.ApplicationManager$MyListener - Start search element: By.cssSelector: .js-confirm
14:54:33.346 [Test worker] INFO  c.t.t.f.ApplicationManager$MyListener - Element is found: By.cssSelector: .js-confirm
14:54:35.639 [Test worker] INFO  c.t.t.f.ApplicationManager$MyListener - Start search element: By.cssSelector: nav.home-left-sidebar-container .js-react-root
14:54:35.654 [Test worker] INFO  c.t.t.f.ApplicationManager$MyListener - Element is found: By.cssSelector: nav.home-left-sidebar-container .js-react-root
14:54:35.654 [Test worker] INFO  c.t.t.f.ApplicationManager$MyListener - Start search element: By.xpath: .//li
14:54:35.670 [Test worker] INFO  c.t.t.f.ApplicationManager$MyListener - Element is found: By.xpath: .//li
after:2
14:54:35.670 [Test worker] INFO  c.t.t.f.ApplicationManager$MyListener - Start search element: By.cssSelector: nav.home-left-sidebar-container .js-react-root li
14:54:35.685 [Test worker] INFO  c.t.t.f.ApplicationManager$MyListener - Element is found: By.cssSelector: nav.home-left-sidebar-container .js-react-root li
after:2

]]></system-out>
  <system-err><![CDATA[]]></system-err>
</testsuite>
